<?xml version="1.0" encoding="UTF-8"?>
<testsuite name="com.application.service.OrderServiceTest" tests="1" skipped="0" failures="0" errors="0" timestamp="2020-08-14T00:29:12" hostname="Thamiriss-MacBook-Pro.local" time="0.024">
  <properties/>
  <testcase name="createProductFinishStock" classname="com.application.service.OrderServiceTest" time="0.024"/>
  <system-out><![CDATA[]]></system-out>
  <system-err><![CDATA[]]></system-err>
</testsuite>
